[www.restauranthelena.com/index.html]
[backblue.gif]
[fade.gif]
[index.html]
[cdn.prod.website-files.com/65552a03c86f786944622faf/css/helena-2.webflow.shared.5b49e4557.css]
[cdn.prod.website-files.com/65552a03c86f786944622faf/655600ea306f1ab129569b48_favicon-helena.png]
[cdn.prod.website-files.com/65552a03c86f786944622faf/655600f1f8808bb4cd45a3fb_webclip-helena.png]
[cdn.jsdelivr.net/npm/@finsweet/cookie-consent@1/fs-cc.js]
[code.jquery.com/jquery-3.6.0.min.js]
[cdnjs.cloudflare.com/ajax/libs/gsap/3.10.4/gsap.min.js]
[cdn.prod.website-files.com/65552a03c86f786944622faf/65555bd0a399ef5da51cf8eb_logo-restaurant-helena.webp]
[www.restauranthelena.com/menus.html]
[www.restauranthelena.com/groupes-et-evenements.html]
[www.restauranthelena.com/chef-helena.html]
[www.restauranthelena.com/en/home.html]
[cdn.prod.website-files.com/65552a03c86f786944622faf/65552ec268fb7fc22d511914_Chef-Helena.webp]
[cdn.prod.website-files.com/65552a03c86f786944622faf/65552f6199e328e4c5523864_partager._MG_8475_1.webp]
[cdn.prod.website-files.com/65552a03c86f786944622faf/65553205773b6711b8b19c28_sardine 2.webp]
[cdn.prod.website-files.com/65552a03c86f786944622faf/65554646c6a3b77b49e71ccb_Restaurant1.webp]
[cdn.prod.website-files.com/65552a03c86f786944622faf/65554646a8c616b18fd47ae9_Restaurant2.webp]
[cdn.prod.website-files.com/65552a03c86f786944622faf/65567413f2452d24502399df_plt1.1.webp]
[cdn.prod.website-files.com/65552a03c86f786944622faf/655674137157c5d88c3c7c93_plt2.1.webp]
[cdn.prod.website-files.com/65552a03c86f786944622faf/655674131c9ce0c6fa3af0a9_plt3.1.webp]
[cdn.prod.website-files.com/65552a03c86f786944622faf/65554e7310554d5c243026ed_shell.webp]
[cdn.prod.website-files.com/65552a03c86f786944622faf/65554c6f2b90bfcd292f9839_octopus.webp]
[cdn.prod.website-files.com/65552a03c86f786944622faf/65554c6f6c6ccbbd2b52cb51_sardine.webp]
[cdn.prod.website-files.com/65552a03c86f786944622faf/655552ba0759d0364dd47030_Vinho-Map.webp]
[cdn.prod.website-files.com/65552a03c86f786944622faf/655553377aad5c921d6766f5_Quinta do portal.webp]
[cdn.prod.website-files.com/65552a03c86f786944622faf/655553b36c6ccbbd2b58123b_Shadow.webp]
[cdn.prod.website-files.com/65552a03c86f786944622faf/655567ecef57ea8671624475_CarbonLogoFacebook.svg]
[cdn.prod.website-files.com/65552a03c86f786944622faf/655567ecef57ea8671624477_CarbonLogoInstagram.svg]
[cdn.prod.website-files.com/65552a03c86f786944622faf/655568acd247940a604a43f0_square-x-twitter.svg]
[www.restauranthelena.com/politique-de-confidentialite.html]
[d3e54v103j8qbb.cloudfront.net/js/jquery-3.5.1.min.dc5e7f18c8c638.js]
[cdn.prod.website-files.com/65552a03c86f786944622faf/js/webflow.schunk.36b8fb49256177c8.js]
[cdn.prod.website-files.com/65552a03c86f786944622faf/js/webflow.schunk.82f44582d86d1ea9.js]
[cdn.prod.website-files.com/65552a03c86f786944622faf/js/webflow.schunk.eef232fe84681588.js]
[cdn.prod.website-files.com/65552a03c86f786944622faf/js/webflow.schunk.dc2cb6388414c317.js]
[www.restauranthelena.com/index.html]
[cdn.prod.website-files.com/65552a03c86f786944622faf/js/webflow.76f2ffdb.43a800aa2c34f909.js]
[cdn.prod.website-files.com/65552a03c86f786944622faf/6555334154f9d39858083c05_Landscape-Portugal-Dégradé.webp]
[cdn.prod.website-files.com/65552a03c86f786944622faf/6555387620ef0b32a7f490c3_portuguese-tiles-horizontal.webp]
[cdn.prod.website-files.com/65552a03c86f786944622faf/6555387690d4525478274e11_portuguese-tiles-vertical.webp]
[cdn.prod.website-files.com/65552a03c86f786944622faf/655620d90e59cb674f82a955_Portugal-Outline.webp]
[cdn.prod.website-files.com/65552a03c86f786944622faf/655620d97504a1a52b2a6d66_Québec map.png]
[cdn.prod.website-files.com/65552a03c86f786944622faf/css/helena-2.webflow.shared.5b49e4557.css]
[www.googletagmanager.com/gtm5445.html]
[cdn.prod.website-files.com/65552a03c86f786944622faf/6556423fc54f742f385dbf60_plt4.webp]
[cdn.prod.website-files.com/65552a03c86f786944622faf/6556424094d819e5fe046e5c_plt2.webp]
[cdn.prod.website-files.com/65552a03c86f786944622faf/6556423f68981420f1de7807_plt1.webp]
[cdn.prod.website-files.com/65552a03c86f786944622faf/6556423f7755a50e246f9f78_plt3.webp]
[www.restauranthelena.com/menus.html]
[cdn.prod.website-files.com/65552a03c86f786944622faf/js/webflow.9b85deba.8bf8fedd8d20a53d.js]
[cdn.prod.website-files.com/65552a03c86f786944622faf/65565a0ce097e4191b03de05_Dessert-Groupe.webp]
[www.restauranthelena.com/groupes-et-evenements.html]
[cdn.prod.website-files.com/65552a03c86f786944622faf/js/webflow.1762640b.ba1490c89a813794.js]
[cdn.prod.website-files.com/65552a03c86f786944622faf/655623574fe9327ce9b669f9_line1.webp]
[cdn.prod.website-files.com/65552a03c86f786944622faf/655623e4972f146948f308cf_line2.webp]
[cdn.prod.website-files.com/65552a03c86f786944622faf/65561fe63f91ef46aad266f6_Helena.webp]
[www.restauranthelena.com/chef-helena.html]
[www.restauranthelena.com/en/our-menus.html]
[www.restauranthelena.com/en/groups-and-events.html]
[www.restauranthelena.com/en/chef-helena.html]
[www.restauranthelena.com/en/home.html]
[cdn.prod.website-files.com/65552a03c86f786944622faf/655567ecef57ea8671624475_CarbonLogoFacebook.svg]
[cdn.prod.website-files.com/65552a03c86f786944622faf/655567ecef57ea8671624477_CarbonLogoInstagram.svg]
[cdn.prod.website-files.com/65552a03c86f786944622faf/655568acd247940a604a43f0_square-x-twitter.svg]
[www.restauranthelena.com/politique-de-confidentialite.html]
[d3e54v103j8qbb.cloudfront.net/static/custom-checkbox-checkmark.589d534424.svg]
[www.restauranthelena.com/en/our-menus.html]
[www.restauranthelena.com/en/groups-and-events.html]
[www.restauranthelena.com/en/chef-helena.html]
[www.restauranthelena.com/en/privacy-policy.html]
[www.restauranthelena.com/en/privacy-policy.html]
